0 info it worked if it ends with ok
1 verbose cli [ '/usr/bin/node', '/usr/bin/npm', 'run', 'build' ]
2 info using npm@1.4.28
3 info using node@v0.10.38
4 verbose node symlink /usr/bin/node
5 verbose run-script [ 'prebuild', 'build', 'postbuild' ]
6 info prebuild @myco/private-pkg@1.0.0
7 info build @myco/private-pkg@1.0.0
8 verbose unsafe-perm in lifecycle true
9 info @myco/private-pkg@1.0.0 Failed to exec build script
10 error @myco/private-pkg@1.0.0 build: `coffee src/build-index.coffee && compass compile src/stylesheets/`
10 error Exit status 1
11 error Failed at the @myco/private-pkg@1.0.0 build script.
11 error This is most likely a problem with the @myco/private-pkg package,
11 error not with npm itself.
11 error Tell the author that this fails on your system:
11 error     coffee src/build-index.coffee && compass compile src/stylesheets/
11 error You can get their info via:
11 error     npm owner ls @myco/private-pkg
11 error There is likely additional logging output above.
12 error System Linux 3.17.0-031700-generic
13 error command "/usr/bin/node" "/usr/bin/npm" "run" "build"
14 error cwd /var/www/etienne-gauvin.github.io
15 error node -v v0.10.38
16 error npm -v 1.4.28
17 error code ELIFECYCLE
18 verbose exit [ 1, true ]
